# JRE version: OpenJDK Runtime Environment (11.0.11) (build 11.0.11+0-b60-7590822)
# Java VM: OpenJDK 64-Bit Server VM (11.0.11+0-b60-7590822, mixed mode, tiered, compressed oops, g1 gc, linux-amd64)
Heap:
 garbage-first heap   total 400384K, used 347136K [0x0000000080000000, 0x0000000100000000)
  region size 1024K, 166 young (169984K), 14 survivors (14336K)
 Metaspace       used 140873K, capacity 146733K, committed 146892K, reserved 1177600K
  class space    used 17552K, capacity 19704K, committed 19712K, reserved 1048576K
GC Heap History (20 events):
Event: 3229,056 GC heap before
{Heap before GC invocations=47 (full 0):
 garbage-first heap   total 400384K, used 187942K [0x0000000080000000, 0x0000000100000000)
  region size 1024K, 19 young (19456K), 15 survivors (15360K)
 Metaspace       used 137748K, capacity 142764K, committed 142924K, reserved 1173504K
  class space    used 17168K, capacity 19047K, committed 19072K, reserved 1048576K
}
Event: 3229,095 GC heap after
{Heap after GC invocations=48 (full 0):
 garbage-first heap   total 400384K, used 168678K [0x0000000080000000, 0x0000000100000000)
  region size 1024K, 3 young (3072K), 3 survivors (3072K)
 Metaspace       used 137748K, capacity 142764K, committed 142924K, reserved 1173504K
  class space    used 17168K, capacity 19047K, committed 19072K, reserved 1048576K
}
Event: 3229,613 GC heap before
{Heap before GC invocations=48 (full 0):
 garbage-first heap   total 400384K, used 238310K [0x0000000080000000, 0x0000000100000000)
  region size 1024K, 73 young (74752K), 3 survivors (3072K)
 Metaspace       used 138150K, capacity 143133K, committed 143308K, reserved 1173504K
  class space    used 17207K, capacity 19083K, committed 19200K, reserved 1048576K
}
Event: 3229,632 GC heap after
{Heap after GC invocations=49 (full 0):
 garbage-first heap   total 400384K, used 171413K [0x0000000080000000, 0x0000000100000000)
  region size 1024K, 6 young (6144K), 6 survivors (6144K)
 Metaspace       used 138150K, capacity 143133K, committed 143308K, reserved 1173504K
  class space    used 17207K, capacity 19083K, committed 19200K, reserved 1048576K
}
Event: 3464,868 GC heap before
{Heap before GC invocations=50 (full 0):
 garbage-first heap   total 400384K, used 352661K [0x0000000080000000, 0x0000000100000000)
  region size 1024K, 159 young (162816K), 6 survivors (6144K)
 Metaspace       used 138311K, capacity 143269K, committed 143564K, reserved 1173504K
  class space    used 17216K, capacity 19083K, committed 19200K, reserved 1048576K
}
Event: 3464,885 GC heap after
{Heap after GC invocations=51 (full 0):
 garbage-first heap   total 400384K, used 167592K [0x0000000080000000, 0x0000000100000000)
  region size 1024K, 4 young (4096K), 4 survivors (4096K)
 Metaspace       used 138311K, capacity 143269K, committed 143564K, reserved 1173504K
  class space    used 17216K, capacity 19083K, committed 19200K, reserved 1048576K
}
Event: 3465,000 GC heap before
{Heap before GC invocations=51 (full 0):
 garbage-first heap   total 400384K, used 182952K [0x0000000080000000, 0x0000000100000000)
  region size 1024K, 19 young (19456K), 4 survivors (4096K)
 Metaspace       used 138324K, capacity 143333K, committed 143564K, reserved 1173504K
  class space    used 17216K, capacity 19083K, committed 19200K, reserved 1048576K
}
Event: 3465,031 GC heap after
{Heap after GC invocations=52 (full 0):
 garbage-first heap   total 400384K, used 158985K [0x0000000080000000, 0x0000000100000000)
  region size 1024K, 3 young (3072K), 3 survivors (3072K)
 Metaspace       used 138324K, capacity 143333K, committed 143564K, reserved 1173504K
  class space    used 17216K, capacity 19083K, committed 19200K, reserved 1048576K
}
Event: 3466,594 GC heap before
{Heap before GC invocations=52 (full 0):
 garbage-first heap   total 400384K, used 236809K [0x0000000080000000, 0x0000000100000000)
  region size 1024K, 81 young (82944K), 3 survivors (3072K)
 Metaspace       used 138442K, capacity 143464K, committed 143820K, reserved 1173504K
  class space    used 17216K, capacity 19083K, committed 19200K, reserved 1048576K
}
Event: 3466,629 GC heap after
{Heap after GC invocations=53 (full 0):
 garbage-first heap   total 400384K, used 167164K [0x0000000080000000, 0x0000000100000000)
  region size 1024K, 11 young (11264K), 11 survivors (11264K)
 Metaspace       used 138442K, capacity 143464K, committed 143820K, reserved 1173504K
  class space    used 17216K, capacity 19083K, committed 19200K, reserved 1048576K
}
Event: 3468,936 GC heap before
{Heap before GC invocations=54 (full 0):
 garbage-first heap   total 400384K, used 318716K [0x0000000080000000, 0x0000000100000000)
  region size 1024K, 150 young (153600K), 11 survivors (11264K)
 Metaspace       used 138913K, capacity 143922K, committed 144076K, reserved 1173504K
  class space    used 17240K, capacity 19124K, committed 19200K, reserved 1048576K
}
Event: 3468,958 GC heap after
{Heap after GC invocations=55 (full 0):
 garbage-first heap   total 400384K, used 172942K [0x0000000080000000, 0x0000000100000000)
  region size 1024K, 12 young (12288K), 12 survivors (12288K)
 Metaspace       used 138913K, capacity 143922K, committed 144076K, reserved 1173504K
  class space    used 17240K, capacity 19124K, committed 19200K, reserved 1048576K
}
Event: 3469,022 GC heap before
{Heap before GC invocations=55 (full 0):
 garbage-first heap   total 400384K, used 180110K [0x0000000080000000, 0x0000000100000000)
  region size 1024K, 19 young (19456K), 12 survivors (12288K)
 Metaspace       used 138913K, capacity 143922K, committed 144076K, reserved 1173504K
  class space    used 17240K, capacity 19124K, committed 19200K, reserved 1048576K
}
Event: 3469,052 GC heap after
{Heap after GC invocations=56 (full 0):
 garbage-first heap   total 400384K, used 143623K [0x0000000080000000, 0x0000000100000000)
  region size 1024K, 2 young (2048K), 2 survivors (2048K)
 Metaspace       used 138913K, capacity 143922K, committed 144076K, reserved 1173504K
  class space    used 17240K, capacity 19124K, committed 19200K, reserved 1048576K
}
Event: 3469,105 GC heap before
{Heap before GC invocations=56 (full 0):
 garbage-first heap   total 400384K, used 148743K [0x0000000080000000, 0x0000000100000000)
  region size 1024K, 8 young (8192K), 2 survivors (2048K)
 Metaspace       used 138918K, capacity 143928K, committed 144076K, reserved 1173504K
  class space    used 17240K, capacity 19125K, committed 19200K, reserved 1048576K
}
Event: 3469,117 GC heap after
{Heap after GC invocations=57 (full 0):
 garbage-first heap   total 400384K, used 142762K [0x0000000080000000, 0x0000000100000000)
  region size 1024K, 1 young (1024K), 1 survivors (1024K)
 Metaspace       used 138918K, capacity 143928K, committed 144076K, reserved 1173504K
  class space    used 17240K, capacity 19125K, committed 19200K, reserved 1048576K
}
Event: 4290,957 GC heap before
{Heap before GC invocations=58 (full 0):
 garbage-first heap   total 400384K, used 341418K [0x0000000080000000, 0x0000000100000000)
  region size 1024K, 169 young (173056K), 1 survivors (1024K)
 Metaspace       used 139742K, capacity 145250K, committed 145484K, reserved 1175552K
  class space    used 17427K, capacity 19475K, committed 19584K, reserved 1048576K
}
Event: 4290,981 GC heap after
{Heap after GC invocations=59 (full 0):
 garbage-first heap   total 400384K, used 144557K [0x0000000080000000, 0x0000000100000000)
  region size 1024K, 3 young (3072K), 3 survivors (3072K)
 Metaspace       used 139742K, capacity 145250K, committed 145484K, reserved 1175552K
  class space    used 17427K, capacity 19475K, committed 19584K, reserved 1048576K
}
Event: 4293,146 GC heap before
{Heap before GC invocations=59 (full 0):
 garbage-first heap   total 400384K, used 249005K [0x0000000080000000, 0x0000000100000000)
  region size 1024K, 107 young (109568K), 3 survivors (3072K)
 Metaspace       used 140418K, capacity 146303K, committed 146380K, reserved 1175552K
  class space    used 17522K, capacity 19650K, committed 19712K, reserved 1048576K
}
Event: 4293,174 GC heap after
{Heap after GC invocations=60 (full 0):
 garbage-first heap   total 400384K, used 155648K [0x0000000080000000, 0x0000000100000000)
  region size 1024K, 14 young (14336K), 14 survivors (14336K)
 Metaspace       used 140418K, capacity 146303K, committed 146380K, reserved 1175552K
  class space    used 17522K, capacity 19650K, committed 19712K, reserved 1048576K
}

